current directory: /home/runner/work/genomics-r-intro/genomics-r-intro/.vendor/bundle/ruby/2.7.0/gems/unf_ext-0.0.8.2/ext/unf_ext
/opt/hostedtoolcache/Ruby/2.7.6/x64/bin/ruby -I /opt/hostedtoolcache/Ruby/2.7.6/x64/lib/ruby/2.7.0 -r ./siteconf20220727-11388-jv61ip.rb extconf.rb
checking for -lstdc++... yes
creating Makefile

current directory: /home/runner/work/genomics-r-intro/genomics-r-intro/.vendor/bundle/ruby/2.7.0/gems/unf_ext-0.0.8.2/ext/unf_ext
make "DESTDIR=" clean
make[1]: Entering directory '/home/runner/work/genomics-r-intro/genomics-r-intro/.vendor/bundle/ruby/2.7.0/gems/unf_ext-0.0.8.2/ext/unf_ext'
Makefile:175: warning: overriding recipe for target 'clean'
Ğßòô—U:175: warning: ignoring old recipe for target 'clean'
Makefile:182: warning: overriding recipe for target 'distclean'
Ğßòô—U:182: warning: ignoring old recipe for target 'distclean'
Makefile:190: warning: overriding recipe for target 'install-so'
Ğßòô—U:190: warning: ignoring old recipe for target 'install-so'
Makefile:200: warning: overriding recipe for target 'pre-install-rb-default'
Ğßòô—U:200: warning: ignoring old recipe for target 'pre-install-rb-default'
Makefile:202: warning: overriding recipe for target '.sitearchdir.time'
Ğßòô—U:202: warning: ignoring old recipe for target '.sitearchdir.time'
Makefile:212: warning: overriding recipe for target '.cc.o'
Ğßòô—U:212: warning: ignoring old recipe for target '.cc.o'
Makefile:216: warning: overriding recipe for target '.cc.S'
Ğßòô—U:216: warning: ignoring old recipe for target '.cc.S'
Makefile:220: warning: overriding recipe for target '.mm.o'
Ğßòô—U:220: warning: ignoring old recipe for target '.mm.o'
Makefile:224: warning: overriding recipe for target '.mm.S'
Ğßòô—U:224: warning: ignoring old recipe for target '.mm.S'
Makefile:228: warning: overriding recipe for target '.cxx.o'
Ğßòô—U:228: warning: ignoring old recipe for target '.cxx.o'
Makefile:232: warning: overriding recipe for target '.cxx.S'
Ğßòô—U:232: warning: ignoring old recipe for target '.cxx.S'
Makefile:236: warning: overriding recipe for target '.cpp.o'
Ğßòô—U:236: warning: ignoring old recipe for target '.cpp.o'
Makefile:240: warning: overriding recipe for target '.cpp.S'
Ğßòô—U:240: warning: ignoring old recipe for target '.cpp.S'
Makefile:244: warning: overriding recipe for target '.c.o'
Ğßòô—U:244: warning: ignoring old recipe for target '.c.o'
Makefile:248: warning: overriding recipe for target '.c.S'
Ğßòô—U:248: warning: ignoring old recipe for target '.c.S'
Makefile:252: warning: overriding recipe for target '.m.o'
Ğßòô—U:252: warning: ignoring old recipe for target '.m.o'
Makefile:256: warning: overriding recipe for target '.m.S'
Ğßòô—U:256: warning: ignoring old recipe for target '.m.S'
Makefile:260: warning: overriding recipe for target 'unf_ext.so'
Ğßòô—U:260: warning: ignoring old recipe for target 'unf_ext.so'
make[1]: Leaving directory '/home/runner/work/genomics-r-intro/genomics-r-intro/.vendor/bundle/ruby/2.7.0/gems/unf_ext-0.0.8.2/ext/unf_ext'

current directory: /home/runner/work/genomics-r-intro/genomics-r-intro/.vendor/bundle/ruby/2.7.0/gems/unf_ext-0.0.8.2/ext/unf_ext
make "DESTDIR="
make[1]: Entering directory '/home/runner/work/genomics-r-intro/genomics-r-intro/.vendor/bundle/ruby/2.7.0/gems/unf_ext-0.0.8.2/ext/unf_ext'
Makefile:175: warning: overriding recipe for target 'clean'
Ğ? üU:175: warning: ignoring old recipe for target 'clean'
Makefile:182: warning: overriding recipe for target 'distclean'
Ğ? üU:182: warning: ignoring old recipe for target 'distclean'
Makefile:190: warning: overriding recipe for target 'install-so'
Ğ? üU:190: warning: ignoring old recipe for target 'install-so'
Makefile:200: warning: overriding recipe for target 'pre-install-rb-default'
Ğ? üU:200: warning: ignoring old recipe for target 'pre-install-rb-default'
Makefile:202: warning: overriding recipe for target '.sitearchdir.time'
Ğ? üU:202: warning: ignoring old recipe for target '.sitearchdir.time'
Makefile:212: warning: overriding recipe for target '.cc.o'
Ğ? üU:212: warning: ignoring old recipe for target '.cc.o'
Makefile:216: warning: overriding recipe for target '.cc.S'
Ğ? üU:216: warning: ignoring old recipe for target '.cc.S'
Makefile:220: warning: overriding recipe for target '.mm.o'
Ğ? üU:220: warning: ignoring old recipe for target '.mm.o'
Makefile:224: warning: overriding recipe for target '.mm.S'
Ğ? üU:224: warning: ignoring old recipe for target '.mm.S'
Makefile:228: warning: overriding recipe for target '.cxx.o'
Ğ? üU:228: warning: ignoring old recipe for target '.cxx.o'
Makefile:232: warning: overriding recipe for target '.cxx.S'
Ğ? üU:232: warning: ignoring old recipe for target '.cxx.S'
Makefile:236: warning: overriding recipe for target '.cpp.o'
Ğ? üU:236: warning: ignoring old recipe for target '.cpp.o'
Makefile:240: warning: overriding recipe for target '.cpp.S'
Ğ? üU:240: warning: ignoring old recipe for target '.cpp.S'
Makefile:244: warning: overriding recipe for target '.c.o'
Ğ? üU:244: warning: ignoring old recipe for target '.c.o'
Makefile:248: warning: overriding recipe for target '.c.S'
Ğ? üU:248: warning: ignoring old recipe for target '.c.S'
Makefile:252: warning: overriding recipe for target '.m.o'
Ğ? üU:252: warning: ignoring old recipe for target '.m.o'
Makefile:256: warning: overriding recipe for target '.m.S'
Ğ? üU:256: warning: ignoring old recipe for target '.m.S'
Makefile:260: warning: overriding recipe for target 'unf_ext.so'
Ğ? üU:260: warning: ignoring old recipe for target 'unf_ext.so'
compiling unf.cc
linking shared-object unf_ext.so
make[1]: Leaving directory '/home/runner/work/genomics-r-intro/genomics-r-intro/.vendor/bundle/ruby/2.7.0/gems/unf_ext-0.0.8.2/ext/unf_ext'

current directory: /home/runner/work/genomics-r-intro/genomics-r-intro/.vendor/bundle/ruby/2.7.0/gems/unf_ext-0.0.8.2/ext/unf_ext
make "DESTDIR=" install
make[1]: Entering directory '/home/runner/work/genomics-r-intro/genomics-r-intro/.vendor/bundle/ruby/2.7.0/gems/unf_ext-0.0.8.2/ext/unf_ext'
Makefile:175: warning: overriding recipe for target 'clean'
Ğ+JÆU:175: warning: ignoring old recipe for target 'clean'
Makefile:182: warning: overriding recipe for target 'distclean'
Ğ+JÆU:182: warning: ignoring old recipe for target 'distclean'
Makefile:190: warning: overriding recipe for target 'install-so'
Ğ+JÆU:190: warning: ignoring old recipe for target 'install-so'
Makefile:200: warning: overriding recipe for target 'pre-install-rb-default'
Ğ+JÆU:200: warning: ignoring old recipe for target 'pre-install-rb-default'
Makefile:202: warning: overriding recipe for target '.sitearchdir.time'
Ğ+JÆU:202: warning: ignoring old recipe for target '.sitearchdir.time'
Makefile:212: warning: overriding recipe for target '.cc.o'
Ğ+JÆU:212: warning: ignoring old recipe for target '.cc.o'
Makefile:216: warning: overriding recipe for target '.cc.S'
Ğ+JÆU:216: warning: ignoring old recipe for target '.cc.S'
Makefile:220: warning: overriding recipe for target '.mm.o'
Ğ+JÆU:220: warning: ignoring old recipe for target '.mm.o'
Makefile:224: warning: overriding recipe for target '.mm.S'
Ğ+JÆU:224: warning: ignoring old recipe for target '.mm.S'
Makefile:228: warning: overriding recipe for target '.cxx.o'
Ğ+JÆU:228: warning: ignoring old recipe for target '.cxx.o'
Makefile:232: warning: overriding recipe for target '.cxx.S'
Ğ+JÆU:232: warning: ignoring old recipe for target '.cxx.S'
Makefile:236: warning: overriding recipe for target '.cpp.o'
Ğ+JÆU:236: warning: ignoring old recipe for target '.cpp.o'
Makefile:240: warning: overriding recipe for target '.cpp.S'
Ğ+JÆU:240: warning: ignoring old recipe for target '.cpp.S'
Makefile:244: warning: overriding recipe for target '.c.o'
Ğ+JÆU:244: warning: ignoring old recipe for target '.c.o'
Makefile:248: warning: overriding recipe for target '.c.S'
Ğ+JÆU:248: warning: ignoring old recipe for target '.c.S'
Makefile:252: warning: overriding recipe for target '.m.o'
Ğ+JÆU:252: warning: ignoring old recipe for target '.m.o'
Makefile:256: warning: overriding recipe for target '.m.S'
Ğ+JÆU:256: warning: ignoring old recipe for target '.m.S'
Makefile:260: warning: overriding recipe for target 'unf_ext.so'
Ğ+JÆU:260: warning: ignoring old recipe for target 'unf_ext.so'
/usr/bin/install -c -m 0755 unf_ext.so ./.gem.20220727-11388-b4lwsh
make[1]: Leaving directory '/home/runner/work/genomics-r-intro/genomics-r-intro/.vendor/bundle/ruby/2.7.0/gems/unf_ext-0.0.8.2/ext/unf_ext'
